mode: atomic
github.com/witalok2/test-dev-golang-worker/config/config.go:26.41,30.18 3 1
github.com/witalok2/test-dev-golang-worker/config/config.go:30.18,33.17 2 0
github.com/witalok2/test-dev-golang-worker/config/config.go:33.17,35.4 1 0
github.com/witalok2/test-dev-golang-worker/config/config.go:38.2,39.9 2 1
github.com/witalok2/test-dev-golang-worker/config/config.go:39.9,41.3 1 0
github.com/witalok2/test-dev-golang-worker/config/config.go:43.2,44.9 2 1
github.com/witalok2/test-dev-golang-worker/config/config.go:44.9,46.3 1 0
github.com/witalok2/test-dev-golang-worker/config/config.go:48.2,49.9 2 1
github.com/witalok2/test-dev-golang-worker/config/config.go:49.9,51.3 1 0
github.com/witalok2/test-dev-golang-worker/config/config.go:53.2,54.9 2 1
github.com/witalok2/test-dev-golang-worker/config/config.go:54.9,56.3 1 0
github.com/witalok2/test-dev-golang-worker/config/config.go:58.2,69.8 2 1
github.com/witalok2/test-dev-golang-worker/internal/repository/mock.go:14.88,17.2 2 1
github.com/witalok2/test-dev-golang-worker/internal/repository/mock.go:19.88,22.2 2 1
github.com/witalok2/test-dev-golang-worker/internal/repository/mock.go:24.34,26.2 1 1
github.com/witalok2/test-dev-golang-worker/internal/repository/postgres.go:23.58,25.16 2 0
github.com/witalok2/test-dev-golang-worker/internal/repository/postgres.go:25.16,27.3 1 0
github.com/witalok2/test-dev-golang-worker/internal/repository/postgres.go:29.2,29.29 1 0
github.com/witalok2/test-dev-golang-worker/internal/repository/postgres.go:32.84,41.16 2 0
github.com/witalok2/test-dev-golang-worker/internal/repository/postgres.go:41.16,44.3 2 0
github.com/witalok2/test-dev-golang-worker/internal/repository/postgres.go:46.2,48.12 2 0
github.com/witalok2/test-dev-golang-worker/internal/repository/postgres.go:51.84,61.16 2 0
github.com/witalok2/test-dev-golang-worker/internal/repository/postgres.go:61.16,64.3 2 0
github.com/witalok2/test-dev-golang-worker/internal/repository/postgres.go:66.2,66.12 1 0
github.com/witalok2/test-dev-golang-worker/internal/repository/postgres.go:69.30,71.16 2 0
github.com/witalok2/test-dev-golang-worker/internal/repository/postgres.go:71.16,73.3 1 0
github.com/witalok2/test-dev-golang-worker/internal/service/mock.go:14.85,17.2 2 0
github.com/witalok2/test-dev-golang-worker/internal/service/mock.go:19.85,22.2 2 0
github.com/witalok2/test-dev-golang-worker/internal/service/service.go:19.67,23.2 1 1
github.com/witalok2/test-dev-golang-worker/internal/service/service.go:25.80,27.2 1 1
github.com/witalok2/test-dev-golang-worker/internal/service/service.go:29.80,31.2 1 1
